Arguments: 
  C:\Program Files\nodejs\node.exe C:\Users\welcome\AppData\Roaming\npm\node_modules\yarn\bin\yarn.js install

PATH: 
  C:\Program Files\Common Files\Oracle\Java\javapath;C:\Program Files (x86)\Common Files\Oracle\Java\javapath;C:\WINDOWS\system32;C:\WINDOWS;C:\WINDOWS\System32\Wbem;C:\WINDOWS\System32\WindowsPowerShell\v1.0\;C:\WINDOWS\System32\OpenSSH\;C:\Program Files\nodejs\;C:\ProgramData\chocolatey\bin;C:\Program Files\nodejs;C:\Users\welcome\AppData\Roaming\npm\node_modules\yarn\bin;C:\Program Files\MongoDB\Server\6.0\bin;C:\Program Files (x86)\Microsoft SQL Server\160\DTS\Binn\;C:\Program Files\Azure Data Studio\bin;C:\Program Files (x86)\Microsoft SQL Server\160\Tools\Binn\;C:\Program Files\Microsoft SQL Server\160\Tools\Binn\;C:\Program Files\Microsoft SQL Server\Client SDK\ODBC\170\Tools\Binn\;C:\Program Files\Microsoft SQL Server\160\DTS\Binn\;C:\Program Files\Git\cmd;C:\Users\welcome\AppData\Local\Programs\Python\Python37\Scripts\;C:\Users\welcome\AppData\Local\Programs\Python\Python37\;C:\Users\welcome\AppData\Local\Microsoft\WindowsApps;C:\Users\welcome\AppData\Local\Programs\Microsoft VS Code\bin;C:\Users\welcome\AppData\Roaming\npm;C:\Users\welcome\AppData\Local\GitHubDesktop\bin;C:\Program Files\Azure Data Studio\bin

Yarn version: 
  1.22.19

Node version: 
  18.16.1

Platform: 
  win32 x64

Trace: 
  Error: EPERM: operation not permitted, unlink 'D:\Resume_builder-project\resume_builder\node_modules\@esbuild\win32-x64\esbuild.exe'

npm manifest: 
  {
    "name": "resume_builder",
    "private": true,
    "proxy": "http://localhost:5000/",
    "version": "0.0.0",
    "type": "module",
    "scripts": {
      "dev": "vite",
      "build": "vite build",
      "lint": "eslint . --ext js,jsx --report-unused-disable-directives --max-warnings 0",
      "preview": "vite preview"
    },
    "dependencies": {
      "axios": "^1.7.2",
      "react": "^18.3.1",
      "react-dom": "^18.3.1",
      "react-hook-form": "^7.52.1",
      "react-router-dom": "^6.24.0",
      "react-toastify": "^10.0.5"
    },
    "devDependencies": {
      "@types/react": "^18.3.3",
      "@types/react-dom": "^18.3.0",
      "@vitejs/plugin-react": "^4.3.1",
      "eslint": "^8.57.0",
      "eslint-plugin-react": "^7.34.2",
      "eslint-plugin-react-hooks": "^4.6.2",
      "eslint-plugin-react-refresh": "^0.4.7",
      "vite": "^5.3.1"
    }
  }

yarn manifest: 
  No manifest

Lockfile: 
  No lockfile
